<?xml version="1.0" encoding="UTF-8"?>
<testng-results ignored="0" total="1" passed="1" failed="0" skipped="0">
  <reporter-output>
  </reporter-output>
  <suite started-at="2021-02-28T19:51:43 EET" name="Surefire suite" finished-at="2021-02-28T19:52:47 EET" duration-ms="63521">
    <groups>
      <group name="cucumber">
        <method signature="AbstractTestNGCucumberTests.runScenario(io.cucumber.testng.PickleWrapper, io.cucumber.testng.FeatureWrapper)[pri:0, instance:Runner.TestRunner@69a10787]" name="runScenario" class="io.cucumber.testng.AbstractTestNGCucumberTests"/>
      </group> <!-- cucumber -->
    </groups>
    <test started-at="2021-02-28T19:51:43 EET" name="Surefire test" finished-at="2021-02-28T19:52:47 EET" duration-ms="63521">
      <class name="Runner.TestRunner">
        <test-method is-config="true" signature="setUpClass()[pri:0, instance:Runner.TestRunner@69a10787]" started-at="2021-02-28T19:51:43 EET" name="setUpClass" finished-at="2021-02-28T19:51:44 EET" duration-ms="583" status="PASS">
          <reporter-output>
          </reporter-output>
        </test-method> <!-- setUpClass -->
        <test-method signature="runScenario(io.cucumber.testng.PickleWrapper, io.cucumber.testng.FeatureWrapper)[pri:0, instance:Runner.TestRunner@69a10787]" started-at="2021-02-28T19:51:44 EET" name="runScenario" description="Runs Cucumber Scenarios" data-provider="scenarios" finished-at="2021-02-28T19:52:47 EET" duration-ms="62813" status="PASS">
          <params>
            <param index="0">
              <value>
                <![CDATA["Order Checkout"]]>
              </value>
            </param>
            <param index="1">
              <value>
                <![CDATA["Optional[Cart checkout functionality]"]]>
              </value>
            </param>
          </params>
          <reporter-output>
          </reporter-output>
        </test-method> <!-- runScenario -->
        <test-method is-config="true" signature="tearDownClass()[pri:0, instance:Runner.TestRunner@69a10787]" started-at="2021-02-28T19:52:47 EET" name="tearDownClass" finished-at="2021-02-28T19:52:47 EET" duration-ms="79" status="PASS">
          <reporter-output>
          </reporter-output>
        </test-method> <!-- tearDownClass -->
      </class> <!-- Runner.TestRunner -->
    </test> <!-- Surefire test -->
  </suite> <!-- Surefire suite -->
</testng-results>
